[30.11.2021 21:01:00.743] [Info ] [Лаба_1_ПО.exe()] [Параметр - BiosCharacteristics, его свойство - System.UInt16[]]
[30.11.2021 21:01:00.743] [Info ] [Лаба_1_ПО.exe()] [Параметр - BIOSVersion, его свойство - System.String[]]
[30.11.2021 21:01:00.743] [Info ] [Лаба_1_ПО.exe()] [Параметр - Caption, его свойство - BIOS Date: 06/06/09 00:14:49 Ver: 08.00.14]
[30.11.2021 21:01:00.743] [Info ] [Лаба_1_ПО.exe()] [Параметр - CurrentLanguage, его свойство - en|US|iso8859-1]
[30.11.2021 21:01:00.743] [Info ] [Лаба_1_ПО.exe()] [Параметр - Description, его свойство - BIOS Date: 06/06/09 00:14:49 Ver: 08.00.14]
[30.11.2021 21:01:00.743] [Info ] [Лаба_1_ПО.exe()] [Параметр - EmbeddedControllerMajorVersion, его свойство - 255]
[30.11.2021 21:01:00.743] [Info ] [Лаба_1_ПО.exe()] [Параметр - EmbeddedControllerMinorVersion, его свойство - 255]
[30.11.2021 21:01:00.743] [Info ] [Лаба_1_ПО.exe()] [Параметр - InstallableLanguages, его свойство - 1]
[30.11.2021 21:01:00.743] [Info ] [Лаба_1_ПО.exe()] [Параметр - ListOfLanguages, его свойство - System.String[]]
[30.11.2021 21:01:00.743] [Info ] [Лаба_1_ПО.exe()] [Параметр - Manufacturer, его свойство - American Megatrends Inc.]
[30.11.2021 21:01:00.743] [Info ] [Лаба_1_ПО.exe()] [Параметр - Name, его свойство - BIOS Date: 06/06/09 00:14:49 Ver: 08.00.14]
[30.11.2021 21:01:00.743] [Info ] [Лаба_1_ПО.exe()] [Параметр - PrimaryBIOS, его свойство - True]
[30.11.2021 21:01:00.743] [Info ] [Лаба_1_ПО.exe()] [Параметр - ReleaseDate, его свойство - 20090606000000.000000+000]
[30.11.2021 21:01:00.743] [Info ] [Лаба_1_ПО.exe()] [Параметр - SerialNumber, его свойство - System Serial Number]
[30.11.2021 21:01:00.743] [Info ] [Лаба_1_ПО.exe()] [Параметр - SMBIOSBIOSVersion, его свойство - 0401   ]
[30.11.2021 21:01:00.758] [Info ] [Лаба_1_ПО.exe()] [Параметр - SMBIOSMajorVersion, его свойство - 2]
[30.11.2021 21:01:00.758] [Info ] [Лаба_1_ПО.exe()] [Параметр - SMBIOSMinorVersion, его свойство - 5]
[30.11.2021 21:01:00.758] [Info ] [Лаба_1_ПО.exe()] [Параметр - SMBIOSPresent, его свойство - True]
[30.11.2021 21:01:00.758] [Info ] [Лаба_1_ПО.exe()] [Параметр - SoftwareElementID, его свойство - BIOS Date: 06/06/09 00:14:49 Ver: 08.00.14]
[30.11.2021 21:01:00.758] [Info ] [Лаба_1_ПО.exe()] [Параметр - SoftwareElementState, его свойство - 3]
[30.11.2021 21:01:00.758] [Info ] [Лаба_1_ПО.exe()] [Параметр - Status, его свойство - OK]
[30.11.2021 21:01:00.758] [Info ] [Лаба_1_ПО.exe()] [Параметр - SystemBiosMajorVersion, его свойство - 4]
[30.11.2021 21:01:00.758] [Info ] [Лаба_1_ПО.exe()] [Параметр - SystemBiosMinorVersion, его свойство - 1]
[30.11.2021 21:01:00.758] [Info ] [Лаба_1_ПО.exe()] [Параметр - TargetOperatingSystem, его свойство - 0]
[30.11.2021 21:01:00.758] [Info ] [Лаба_1_ПО.exe()] [Параметр - Version, его свойство - яяяяяя - 6000906]
