[30.11.2021 20:59:36.508] [Info ] [Лаба_1_ПО.exe()] [Параметр - AdapterCompatibility, его свойство - NVIDIA]
[30.11.2021 20:59:36.524] [Info ] [Лаба_1_ПО.exe()] [Параметр - AdapterDACType, его свойство - Integrated RAMDAC]
[30.11.2021 20:59:36.524] [Info ] [Лаба_1_ПО.exe()] [Параметр - AdapterRAM, его свойство - 1073741824]
[30.11.2021 20:59:36.524] [Info ] [Лаба_1_ПО.exe()] [Параметр - Availability, его свойство - 3]
[30.11.2021 20:59:36.540] [Info ] [Лаба_1_ПО.exe()] [Параметр - Caption, его свойство - NVIDIA GeForce GTX 460]
[30.11.2021 20:59:36.540] [Info ] [Лаба_1_ПО.exe()] [Параметр - ConfigManagerErrorCode, его свойство - 0]
[30.11.2021 20:59:36.540] [Info ] [Лаба_1_ПО.exe()] [Параметр - ConfigManagerUserConfig, его свойство - False]
[30.11.2021 20:59:36.540] [Info ] [Лаба_1_ПО.exe()] [Параметр - CreationClassName, его свойство - Win32_VideoController]
[30.11.2021 20:59:36.540] [Info ] [Лаба_1_ПО.exe()] [Параметр - CurrentBitsPerPixel, его свойство - 32]
[30.11.2021 20:59:36.540] [Info ] [Лаба_1_ПО.exe()] [Параметр - CurrentHorizontalResolution, его свойство - 1280]
[30.11.2021 20:59:36.555] [Info ] [Лаба_1_ПО.exe()] [Параметр - CurrentNumberOfColors, его свойство - 4294967296]
[30.11.2021 20:59:36.555] [Info ] [Лаба_1_ПО.exe()] [Параметр - CurrentNumberOfColumns, его свойство - 0]
[30.11.2021 20:59:36.555] [Info ] [Лаба_1_ПО.exe()] [Параметр - CurrentNumberOfRows, его свойство - 0]
[30.11.2021 20:59:36.555] [Info ] [Лаба_1_ПО.exe()] [Параметр - CurrentRefreshRate, его свойство - 60]
[30.11.2021 20:59:36.555] [Info ] [Лаба_1_ПО.exe()] [Параметр - CurrentScanMode, его свойство - 4]
[30.11.2021 20:59:36.555] [Info ] [Лаба_1_ПО.exe()] [Параметр - CurrentVerticalResolution, его свойство - 1024]
[30.11.2021 20:59:36.555] [Info ] [Лаба_1_ПО.exe()] [Параметр - Description, его свойство - NVIDIA GeForce GTX 460]
[30.11.2021 20:59:36.555] [Info ] [Лаба_1_ПО.exe()] [Параметр - DeviceID, его свойство - VideoController1]
[30.11.2021 20:59:36.555] [Info ] [Лаба_1_ПО.exe()] [Параметр - DitherType, его свойство - 0]
[30.11.2021 20:59:36.555] [Info ] [Лаба_1_ПО.exe()] [Параметр - DriverDate, его свойство - 20171027000000.000000-000]
[30.11.2021 20:59:36.555] [Info ] [Лаба_1_ПО.exe()] [Параметр - DriverVersion, его свойство - 23.21.13.8813]
[30.11.2021 20:59:36.555] [Info ] [Лаба_1_ПО.exe()] [Параметр - InfFilename, его свойство - oem5.inf]
[30.11.2021 20:59:36.555] [Info ] [Лаба_1_ПО.exe()] [Параметр - InfSection, его свойство - Section002]
[30.11.2021 20:59:36.555] [Info ] [Лаба_1_ПО.exe()] [Параметр - InstalledDisplayDrivers, его свойство - C:\Windows\System32\DriverStore\FileRepository\nv_ref_pubwu.inf_amd64_2e7fa54192fe16d0\nvldumdx.dll,C:\Windows\System32\DriverStore\FileRepository\nv_ref_pubwu.inf_amd64_2e7fa54192fe16d0\nvldumdx.dll,C:\Windows\System32\DriverStore\FileRepository\nv_ref_pubwu.inf_amd64_2e7fa54192fe16d0\nvldumdx.dll,C:\Windows\System32\DriverStore\FileRepository\nv_ref_pubwu.inf_amd64_2e7fa54192fe16d0\nvldumdx.dll]
[30.11.2021 20:59:36.555] [Info ] [Лаба_1_ПО.exe()] [Параметр - MaxRefreshRate, его свойство - 75]
[30.11.2021 20:59:36.555] [Info ] [Лаба_1_ПО.exe()] [Параметр - MinRefreshRate, его свойство - 56]
[30.11.2021 20:59:36.555] [Info ] [Лаба_1_ПО.exe()] [Параметр - Monochrome, его свойство - False]
[30.11.2021 20:59:36.571] [Info ] [Лаба_1_ПО.exe()] [Параметр - Name, его свойство - NVIDIA GeForce GTX 460]
[30.11.2021 20:59:36.571] [Info ] [Лаба_1_ПО.exe()] [Параметр - PNPDeviceID, его свойство - PCI\VEN_10DE&DEV_0E22&SUBSYS_34FC1458&REV_A1\4&39043ADE&0&0008]
[30.11.2021 20:59:36.571] [Info ] [Лаба_1_ПО.exe()] [Параметр - Status, его свойство - OK]
[30.11.2021 20:59:36.571] [Info ] [Лаба_1_ПО.exe()] [Параметр - SystemCreationClassName, его свойство - Win32_ComputerSystem]
[30.11.2021 20:59:36.571] [Info ] [Лаба_1_ПО.exe()] [Параметр - SystemName, его свойство - DESKTOP-HP57NN8]
[30.11.2021 20:59:36.571] [Info ] [Лаба_1_ПО.exe()] [Параметр - VideoArchitecture, его свойство - 5]
[30.11.2021 20:59:36.571] [Info ] [Лаба_1_ПО.exe()] [Параметр - VideoMemoryType, его свойство - 2]
[30.11.2021 20:59:36.587] [Info ] [Лаба_1_ПО.exe()] [Параметр - VideoModeDescription, его свойство - Цвета: 1280 x 1024 x 4294967296]
[30.11.2021 20:59:36.587] [Info ] [Лаба_1_ПО.exe()] [Параметр - VideoProcessor, его свойство - GeForce GTX 460]
