[30.11.2021 21:00:11.790] [Info ] [Лаба_1_ПО.exe()] [Параметр - AddressWidth, его свойство - 64]
[30.11.2021 21:00:11.790] [Info ] [Лаба_1_ПО.exe()] [Параметр - Architecture, его свойство - 9]
[30.11.2021 21:00:11.790] [Info ] [Лаба_1_ПО.exe()] [Параметр - AssetTag, его свойство - To Be Filled By O.E.M.]
[30.11.2021 21:00:11.790] [Info ] [Лаба_1_ПО.exe()] [Параметр - Availability, его свойство - 3]
[30.11.2021 21:00:11.790] [Info ] [Лаба_1_ПО.exe()] [Параметр - Caption, его свойство - Intel64 Family 6 Model 23 Stepping 10]
[30.11.2021 21:00:11.790] [Info ] [Лаба_1_ПО.exe()] [Параметр - CpuStatus, его свойство - 1]
[30.11.2021 21:00:11.790] [Info ] [Лаба_1_ПО.exe()] [Параметр - CreationClassName, его свойство - Win32_Processor]
[30.11.2021 21:00:11.790] [Info ] [Лаба_1_ПО.exe()] [Параметр - CurrentClockSpeed, его свойство - 2800]
[30.11.2021 21:00:11.790] [Info ] [Лаба_1_ПО.exe()] [Параметр - CurrentVoltage, его свойство - 13]
[30.11.2021 21:00:11.790] [Info ] [Лаба_1_ПО.exe()] [Параметр - DataWidth, его свойство - 64]
[30.11.2021 21:00:11.790] [Info ] [Лаба_1_ПО.exe()] [Параметр - Description, его свойство - Intel64 Family 6 Model 23 Stepping 10]
[30.11.2021 21:00:11.790] [Info ] [Лаба_1_ПО.exe()] [Параметр - DeviceID, его свойство - CPU0]
[30.11.2021 21:00:11.790] [Info ] [Лаба_1_ПО.exe()] [Параметр - ExtClock, его свойство - 266]
[30.11.2021 21:00:11.790] [Info ] [Лаба_1_ПО.exe()] [Параметр - Family, его свойство - 191]
[30.11.2021 21:00:11.790] [Info ] [Лаба_1_ПО.exe()] [Параметр - L2CacheSize, его свойство - 3072]
[30.11.2021 21:00:11.790] [Info ] [Лаба_1_ПО.exe()] [Параметр - L3CacheSize, его свойство - 0]
[30.11.2021 21:00:11.790] [Info ] [Лаба_1_ПО.exe()] [Параметр - L3CacheSpeed, его свойство - 0]
[30.11.2021 21:00:11.790] [Info ] [Лаба_1_ПО.exe()] [Параметр - Level, его свойство - 6]
[30.11.2021 21:00:11.790] [Info ] [Лаба_1_ПО.exe()] [Параметр - Manufacturer, его свойство - GenuineIntel]
[30.11.2021 21:00:11.790] [Info ] [Лаба_1_ПО.exe()] [Параметр - MaxClockSpeed, его свойство - 2800]
[30.11.2021 21:00:11.805] [Info ] [Лаба_1_ПО.exe()] [Параметр - Name, его свойство - Intel(R) Core(TM)2 Duo CPU     E7400  @ 2.80GHz]
[30.11.2021 21:00:11.805] [Info ] [Лаба_1_ПО.exe()] [Параметр - NumberOfCores, его свойство - 2]
[30.11.2021 21:00:11.805] [Info ] [Лаба_1_ПО.exe()] [Параметр - NumberOfEnabledCore, его свойство - 2]
[30.11.2021 21:00:11.805] [Info ] [Лаба_1_ПО.exe()] [Параметр - NumberOfLogicalProcessors, его свойство - 2]
[30.11.2021 21:00:11.805] [Info ] [Лаба_1_ПО.exe()] [Параметр - PartNumber, его свойство - To Be Filled By O.E.M.]
[30.11.2021 21:00:11.805] [Info ] [Лаба_1_ПО.exe()] [Параметр - PowerManagementSupported, его свойство - False]
[30.11.2021 21:00:11.805] [Info ] [Лаба_1_ПО.exe()] [Параметр - ProcessorId, его свойство - BFEBFBFF0001067A]
[30.11.2021 21:00:11.805] [Info ] [Лаба_1_ПО.exe()] [Параметр - ProcessorType, его свойство - 3]
[30.11.2021 21:00:11.805] [Info ] [Лаба_1_ПО.exe()] [Параметр - Revision, его свойство - 5898]
[30.11.2021 21:00:11.805] [Info ] [Лаба_1_ПО.exe()] [Параметр - Role, его свойство - CPU]
[30.11.2021 21:00:11.805] [Info ] [Лаба_1_ПО.exe()] [Параметр - SecondLevelAddressTranslationExtensions, его свойство - False]
[30.11.2021 21:00:11.805] [Info ] [Лаба_1_ПО.exe()] [Параметр - SerialNumber, его свойство - To Be Filled By O.E.M.]
[30.11.2021 21:00:11.805] [Info ] [Лаба_1_ПО.exe()] [Параметр - SocketDesignation, его свойство - LGA775]
[30.11.2021 21:00:11.805] [Info ] [Лаба_1_ПО.exe()] [Параметр - Status, его свойство - OK]
[30.11.2021 21:00:11.805] [Info ] [Лаба_1_ПО.exe()] [Параметр - StatusInfo, его свойство - 3]
[30.11.2021 21:00:11.805] [Info ] [Лаба_1_ПО.exe()] [Параметр - SystemCreationClassName, его свойство - Win32_ComputerSystem]
[30.11.2021 21:00:11.805] [Info ] [Лаба_1_ПО.exe()] [Параметр - SystemName, его свойство - DESKTOP-HP57NN8]
[30.11.2021 21:00:11.821] [Info ] [Лаба_1_ПО.exe()] [Параметр - ThreadCount, его свойство - 2]
[30.11.2021 21:00:11.821] [Info ] [Лаба_1_ПО.exe()] [Параметр - UpgradeMethod, его свойство - 1]
[30.11.2021 21:00:11.821] [Info ] [Лаба_1_ПО.exe()] [Параметр - Version, его свойство - ]
[30.11.2021 21:00:11.821] [Info ] [Лаба_1_ПО.exe()] [Параметр - VirtualizationFirmwareEnabled, его свойство - True]
[30.11.2021 21:00:11.821] [Info ] [Лаба_1_ПО.exe()] [Параметр - VMMonitorModeExtensions, его свойство - True]
